<?xml version="1.0" encoding="UTF-8"?>
<!-- Generated by org.testng.reporters.JUnitXMLReporter -->
<testsuite ignored="0" hostname="DESKTOP-61BUFL3" failures="0" tests="3" name="Test" time="15.451" errors="0" timestamp="2022-09-11T02:01:13 EDT">
  <testcase classname="testcases.SimplilearnLoginTest" name="Test1" time="4.002"/>
  <testcase classname="testcases.SimplilearnLoginTest" name="Test2" time="3.638"/>
  <testcase classname="testcases.SimplilearnLoginTest" name="Test3" time="2.525"/>
</testsuite> <!-- Test -->
