<?xml version="1.0" encoding="UTF-8"?>
<!-- Generated by org.testng.reporters.JUnitXMLReporter -->
<testsuite ignored="0" hostname="DESKTOP-61BUFL3" failures="0" tests="3" name="Test" time="15.468" errors="0" timestamp="2022-09-17T00:36:19 EDT">
  <testcase classname="testcases.SimplilearnLoginTest" name="Test123" time="2.622"/>
  <testcase classname="testcases.SimplilearnLoginTest" name="Test2" time="2.255"/>
  <testcase classname="testcases.SimplilearnLoginTest" name="Test3" time="2.325"/>
</testsuite> <!-- Test -->
