<?xml version="1.0" encoding="UTF-8"?>
<testng-results ignored="0" total="3" passed="3" failed="0" skipped="0">
  <reporter-output>
  </reporter-output>
  <suite started-at="2022-09-11T01:27:04 EDT" name="Suite" finished-at="2022-09-11T01:27:24 EDT" duration-ms="19643">
    <groups>
    </groups>
    <test started-at="2022-09-11T01:27:04 EDT" name="Test" finished-at="2022-09-11T01:27:24 EDT" duration-ms="19643">
      <class name="testcases.SimplilearnLoginTest">
        <test-method is-config="true" signature="DataSetUp()[pri:0, instance:testcases.SimplilearnLoginTest@7b36aa0c]" started-at="2022-09-11T01:27:04 EDT" name="DataSetUp" finished-at="2022-09-11T01:27:04 EDT" duration-ms="458" status="PASS">
          <reporter-output>
          </reporter-output>
        </test-method> <!-- DataSetUp -->
        <test-method is-config="true" signature="SetUp()[pri:0, instance:testcases.SimplilearnLoginTest@7b36aa0c]" started-at="2022-09-11T01:27:04 EDT" name="SetUp" finished-at="2022-09-11T01:27:08 EDT" duration-ms="3066" status="PASS">
          <reporter-output>
          </reporter-output>
        </test-method> <!-- SetUp -->
        <test-method signature="Test1()[pri:0, instance:testcases.SimplilearnLoginTest@7b36aa0c]" started-at="2022-09-11T01:27:08 EDT" name="Test1" finished-at="2022-09-11T01:27:13 EDT" duration-ms="5842" status="PASS">
          <reporter-output>
          </reporter-output>
        </test-method> <!-- Test1 -->
        <test-method is-config="true" signature="TearDown()[pri:0, instance:testcases.SimplilearnLoginTest@7b36aa0c]" started-at="2022-09-11T01:27:13 EDT" name="TearDown" finished-at="2022-09-11T01:27:16 EDT" duration-ms="2474" status="PASS">
          <reporter-output>
          </reporter-output>
        </test-method> <!-- TearDown -->
        <test-method is-config="true" signature="SetUp()[pri:0, instance:testcases.SimplilearnLoginTest@7b36aa0c]" started-at="2022-09-11T01:27:16 EDT" name="SetUp" finished-at="2022-09-11T01:27:17 EDT" duration-ms="1445" status="PASS">
          <reporter-output>
          </reporter-output>
        </test-method> <!-- SetUp -->
        <test-method signature="Test2(java.lang.String,java.lang.String)[pri:0, instance:testcases.SimplilearnLoginTest@7b36aa0c]" started-at="2022-09-11T01:27:17 EDT" name="Test2" finished-at="2022-09-11T01:27:20 EDT" duration-ms="2600" status="PASS">
          <params>
            <param index="0">
              <value>
                <![CDATA[abc@xyz.com]]>
              </value>
            </param>
            <param index="1">
              <value>
                <![CDATA[Abc@1234]]>
              </value>
            </param>
          </params>
          <reporter-output>
          </reporter-output>
        </test-method> <!-- Test2 -->
        <test-method is-config="true" signature="TearDown()[pri:0, instance:testcases.SimplilearnLoginTest@7b36aa0c]" started-at="2022-09-11T01:27:20 EDT" name="TearDown" finished-at="2022-09-11T01:27:20 EDT" duration-ms="130" status="PASS">
          <reporter-output>
          </reporter-output>
        </test-method> <!-- TearDown -->
        <test-method is-config="true" signature="SetUp()[pri:0, instance:testcases.SimplilearnLoginTest@7b36aa0c]" started-at="2022-09-11T01:27:20 EDT" name="SetUp" finished-at="2022-09-11T01:27:21 EDT" duration-ms="1432" status="PASS">
          <reporter-output>
          </reporter-output>
        </test-method> <!-- SetUp -->
        <test-method signature="Test3()[pri:0, instance:testcases.SimplilearnLoginTest@7b36aa0c]" started-at="2022-09-11T01:27:21 EDT" name="Test3" finished-at="2022-09-11T01:27:24 EDT" duration-ms="2520" status="PASS">
          <reporter-output>
          </reporter-output>
        </test-method> <!-- Test3 -->
        <test-method is-config="true" signature="TearDown()[pri:0, instance:testcases.SimplilearnLoginTest@7b36aa0c]" started-at="2022-09-11T01:27:24 EDT" name="TearDown" finished-at="2022-09-11T01:27:24 EDT" duration-ms="99" status="PASS">
          <reporter-output>
          </reporter-output>
        </test-method> <!-- TearDown -->
        <test-method is-config="true" signature="DataClean()[pri:0, instance:testcases.SimplilearnLoginTest@7b36aa0c]" started-at="2022-09-11T01:27:24 EDT" name="DataClean" finished-at="2022-09-11T01:27:24 EDT" duration-ms="1" status="PASS">
          <reporter-output>
          </reporter-output>
        </test-method> <!-- DataClean -->
      </class> <!-- testcases.SimplilearnLoginTest -->
    </test> <!-- Test -->
  </suite> <!-- Suite -->
</testng-results>
