<?xml version="1.0" encoding="UTF-8"?>
<testng-results ignored="0" total="3" passed="3" failed="0" skipped="0">
  <reporter-output>
  </reporter-output>
  <suite started-at="2022-09-11T02:00:58 EDT" name="Suite" finished-at="2022-09-11T02:01:13 EDT" duration-ms="15451">
    <groups>
    </groups>
    <test started-at="2022-09-11T02:00:58 EDT" name="Test" finished-at="2022-09-11T02:01:13 EDT" duration-ms="15451">
      <class name="testcases.SimplilearnLoginTest">
        <test-method is-config="true" signature="DataSetUp()[pri:0, instance:testcases.SimplilearnLoginTest@6f825516]" started-at="2022-09-11T02:00:57 EDT" name="DataSetUp" finished-at="2022-09-11T02:00:58 EDT" duration-ms="781" status="PASS">
          <reporter-output>
          </reporter-output>
        </test-method> <!-- DataSetUp -->
        <test-method is-config="true" signature="SetUp()[pri:0, instance:testcases.SimplilearnLoginTest@6f825516]" started-at="2022-09-11T02:00:58 EDT" name="SetUp" finished-at="2022-09-11T02:01:00 EDT" duration-ms="2106" status="PASS">
          <reporter-output>
          </reporter-output>
        </test-method> <!-- SetUp -->
        <test-method signature="Test1()[pri:0, instance:testcases.SimplilearnLoginTest@6f825516]" started-at="2022-09-11T02:01:00 EDT" name="Test1" finished-at="2022-09-11T02:01:04 EDT" duration-ms="4002" status="PASS">
          <reporter-output>
          </reporter-output>
        </test-method> <!-- Test1 -->
        <test-method is-config="true" signature="TearDown()[pri:0, instance:testcases.SimplilearnLoginTest@6f825516]" started-at="2022-09-11T02:01:04 EDT" name="TearDown" finished-at="2022-09-11T02:01:04 EDT" duration-ms="75" status="PASS">
          <reporter-output>
          </reporter-output>
        </test-method> <!-- TearDown -->
        <test-method is-config="true" signature="SetUp()[pri:0, instance:testcases.SimplilearnLoginTest@6f825516]" started-at="2022-09-11T02:01:04 EDT" name="SetUp" finished-at="2022-09-11T02:01:06 EDT" duration-ms="1502" status="PASS">
          <reporter-output>
          </reporter-output>
        </test-method> <!-- SetUp -->
        <test-method signature="Test2(java.lang.String,java.lang.String)[pri:0, instance:testcases.SimplilearnLoginTest@6f825516]" started-at="2022-09-11T02:01:06 EDT" name="Test2" finished-at="2022-09-11T02:01:09 EDT" duration-ms="3638" status="PASS">
          <params>
            <param index="0">
              <value>
                <![CDATA[abc@xyz.com]]>
              </value>
            </param>
            <param index="1">
              <value>
                <![CDATA[Abc@1234]]>
              </value>
            </param>
          </params>
          <reporter-output>
          </reporter-output>
        </test-method> <!-- Test2 -->
        <test-method is-config="true" signature="TearDown()[pri:0, instance:testcases.SimplilearnLoginTest@6f825516]" started-at="2022-09-11T02:01:09 EDT" name="TearDown" finished-at="2022-09-11T02:01:09 EDT" duration-ms="64" status="PASS">
          <reporter-output>
          </reporter-output>
        </test-method> <!-- TearDown -->
        <test-method is-config="true" signature="SetUp()[pri:0, instance:testcases.SimplilearnLoginTest@6f825516]" started-at="2022-09-11T02:01:09 EDT" name="SetUp" finished-at="2022-09-11T02:01:11 EDT" duration-ms="1428" status="PASS">
          <reporter-output>
          </reporter-output>
        </test-method> <!-- SetUp -->
        <test-method signature="Test3()[pri:0, instance:testcases.SimplilearnLoginTest@6f825516]" started-at="2022-09-11T02:01:11 EDT" name="Test3" finished-at="2022-09-11T02:01:13 EDT" duration-ms="2525" status="PASS">
          <reporter-output>
          </reporter-output>
        </test-method> <!-- Test3 -->
        <test-method is-config="true" signature="TearDown()[pri:0, instance:testcases.SimplilearnLoginTest@6f825516]" started-at="2022-09-11T02:01:13 EDT" name="TearDown" finished-at="2022-09-11T02:01:13 EDT" duration-ms="56" status="PASS">
          <reporter-output>
          </reporter-output>
        </test-method> <!-- TearDown -->
        <test-method is-config="true" signature="DataClean()[pri:0, instance:testcases.SimplilearnLoginTest@6f825516]" started-at="2022-09-11T02:01:13 EDT" name="DataClean" finished-at="2022-09-11T02:01:13 EDT" duration-ms="0" status="PASS">
          <reporter-output>
          </reporter-output>
        </test-method> <!-- DataClean -->
      </class> <!-- testcases.SimplilearnLoginTest -->
    </test> <!-- Test -->
  </suite> <!-- Suite -->
</testng-results>
